<?xml version="1.0" encoding="UTF-8"?>
<testsuite name="validation.TypeValidationTest" tests="3" skipped="0" failures="0" errors="0" timestamp="2022-06-03T06:27:21" hostname="Utkashs-MacBook-Pro.local" time="0.113">
  <properties/>
  <testcase name="shouldReturnJsonArrayWithNoErrors()" classname="validation.TypeValidationTest" time="0.059"/>
  <testcase name="shouldReturnJsonArrayWithMultipleErrors()" classname="validation.TypeValidationTest" time="0.027"/>
  <testcase name="shouldPerformTypeValidationCheck()" classname="validation.TypeValidationTest" time="0.026"/>
  <system-out><![CDATA[]]></system-out>
  <system-err><![CDATA[]]></system-err>
</testsuite>
