<?xml version="1.0" encoding="UTF-8"?>
<testsuite name="routeHandler.RouteHandlerTest" tests="1" skipped="0" failures="0" errors="0" timestamp="2022-06-03T06:27:21" hostname="Utkashs-MacBook-Pro.local" time="0.004">
  <properties/>
  <testcase name="shouldBeAbleToReturnPageNotFoundResponse()" classname="routeHandler.RouteHandlerTest" time="0.004"/>
  <system-out><![CDATA[11:57:21.334 [Test worker] DEBUG io.mockk.impl.instantiation.AbstractMockFactory - Creating mockk for Socket name=#4
11:57:21.335 [Test worker] DEBUG io.mockk.impl.instantiation.AbstractMockFactory - Creating mockk for OutputStream name=child of #4#5
11:57:21.336 [Test worker] DEBUG io.mockk.impl.instantiation.AbstractMockFactory - Creating mockk for InputStream name=child of #4#6
11:57:21.337 [Test worker] DEBUG io.mockk.impl.recording.states.AnsweringState - Answering java.io.ByteArrayInputStream@6115846e on Socket(#4).getInputStream()
]]></system-out>
  <system-err><![CDATA[]]></system-err>
</testsuite>
